<?xml version="1.0" encoding="UTF-8"?>
<testng-results skipped="0" failed="0" ignored="0"
	total="1" passed="1">
	<reporter-output>
	</reporter-output>
	<suite name="Default suite" duration-ms="3982"
		started-at="2022-06-09T20:36:17 IST"
		finished-at="2022-06-09T20:36:21 IST">
		<groups>
		</groups>
		<test name="Default test" duration-ms="3982"
			started-at="2022-06-09T20:36:17 IST"
			finished-at="2022-06-09T20:36:21 IST">
			<class name="tdd.valiadtion.validationfunction_0011">
				<test-method status="PASS"
					signature="initiatevieDriver()[pri:0, instance:tdd.valiadtion.validationfunction_0011@42eca56e]"
					name="initiatevieDriver" is-config="true" duration-ms="3649"
					started-at="2022-06-09T20:36:17 IST"
					finished-at="2022-06-09T20:36:21 IST">
					<reporter-output>
					</reporter-output>
				</test-method> <!-- initiatevieDriver -->
				<test-method status="PASS"
					signature="valid()[pri:0, instance:tdd.valiadtion.validationfunction_0011@42eca56e]"
					name="valid" duration-ms="262" started-at="2022-06-09T20:36:21 IST"
					finished-at="2022-06-09T20:36:21 IST">
					<reporter-output>
					</reporter-output>
				</test-method> <!-- valid -->
			</class> <!-- tdd.valiadtion.validationfunction_0011 -->
		</test> <!-- Default test -->
	</suite> <!-- Default suite -->
</testng-results>
